0 info it worked if it ends with ok
1 verbose cli [ '/usr/bin/nodejs', '/usr/bin/npm', 'run', 'db:start' ]
2 info using npm@3.5.2
3 info using node@v4.2.6
4 verbose run-script [ 'predb:start', 'db:start', 'postdb:start' ]
5 info lifecycle experts-server@0.1.0~predb:start: experts-server@0.1.0
6 silly lifecycle experts-server@0.1.0~predb:start: no script for predb:start, continuing
7 info lifecycle experts-server@0.1.0~db:start: experts-server@0.1.0
8 verbose lifecycle experts-server@0.1.0~db:start: unsafe-perm in lifecycle true
9 verbose lifecycle experts-server@0.1.0~db:start: PATH: /usr/share/npm/bin/node-gyp-bin:/home/oscar/Escritorio/building-products-with-js/server/node_modules/.bin:/usr/local/sbin:/usr/local/bin:/usr/sbin:/usr/bin:/sbin:/bin:/usr/games:/usr/local/games
10 verbose lifecycle experts-server@0.1.0~db:start: CWD: /home/oscar/Escritorio/building-products-with-js/server
11 silly lifecycle experts-server@0.1.0~db:start: Args: [ '-c',
11 silly lifecycle   'docker run -d -p 28015:28015 -p 8090:8080 -v $PWD/db:/data --name expertsdb rethinkdb' ]
12 silly lifecycle experts-server@0.1.0~db:start: Returned: code: 125  signal: null
13 info lifecycle experts-server@0.1.0~db:start: Failed to exec db:start script
14 verbose stack Error: experts-server@0.1.0 db:start: `docker run -d -p 28015:28015 -p 8090:8080 -v $PWD/db:/data --name expertsdb rethinkdb`
14 verbose stack Exit status 125
14 verbose stack     at EventEmitter.<anonymous> (/usr/share/npm/lib/utils/lifecycle.js:232:16)
14 verbose stack     at emitTwo (events.js:87:13)
14 verbose stack     at EventEmitter.emit (events.js:172:7)
14 verbose stack     at ChildProcess.<anonymous> (/usr/share/npm/lib/utils/spawn.js:24:14)
14 verbose stack     at emitTwo (events.js:87:13)
14 verbose stack     at ChildProcess.emit (events.js:172:7)
14 verbose stack     at maybeClose (internal/child_process.js:821:16)
14 verbose stack     at Process.ChildProcess._handle.onexit (internal/child_process.js:211:5)
15 verbose pkgid experts-server@0.1.0
16 verbose cwd /home/oscar/Escritorio/building-products-with-js/server
17 error Linux 4.4.0-21-generic
18 error argv "/usr/bin/nodejs" "/usr/bin/npm" "run" "db:start"
19 error node v4.2.6
20 error npm  v3.5.2
21 error code ELIFECYCLE
22 error experts-server@0.1.0 db:start: `docker run -d -p 28015:28015 -p 8090:8080 -v $PWD/db:/data --name expertsdb rethinkdb`
22 error Exit status 125
23 error Failed at the experts-server@0.1.0 db:start script 'docker run -d -p 28015:28015 -p 8090:8080 -v $PWD/db:/data --name expertsdb rethinkdb'.
23 error Make sure you have the latest version of node.js and npm installed.
23 error If you do, this is most likely a problem with the experts-server package,
23 error not with npm itself.
23 error Tell the author that this fails on your system:
23 error     docker run -d -p 28015:28015 -p 8090:8080 -v $PWD/db:/data --name expertsdb rethinkdb
23 error You can get information on how to open an issue for this project with:
23 error     npm bugs experts-server
23 error Or if that isn't available, you can get their info via:
23 error     npm owner ls experts-server
23 error There is likely additional logging output above.
24 verbose exit [ 1, true ]
